<?xml version="1.0" encoding="UTF-8"?>
<testng-results ignored="0" total="2" passed="2" failed="0" skipped="0">
  <reporter-output>
  </reporter-output>
  <suite started-at="2025-05-30T14:44:58 IST" name="Default suite" finished-at="2025-05-30T14:44:58 IST" duration-ms="88">
    <groups>
      <group name="Regression Testing">
        <method signature="OrganizationTest.createorganization()[pri:0, instance:pack2.OrganizationTest@557caf28]" name="createorganization" class="pack2.OrganizationTest"/>
      </group> <!-- Regression Testing -->
    </groups>
    <test started-at="2025-05-30T14:44:58 IST" name="Default test" finished-at="2025-05-30T14:44:58 IST" duration-ms="88">
      <class name="pack2.OrganizationTest">
        <test-method signature="createTest()[pri:0, instance:pack2.OrganizationTest@557caf28]" started-at="2025-05-30T14:44:58 IST" name="createTest" finished-at="2025-05-30T14:44:58 IST" duration-ms="15" status="PASS">
          <reporter-output>
          </reporter-output>
        </test-method> <!-- createTest -->
        <test-method signature="createorganization()[pri:0, instance:pack2.OrganizationTest@557caf28]" started-at="2025-05-30T14:44:58 IST" name="createorganization" finished-at="2025-05-30T14:44:58 IST" duration-ms="4" status="PASS">
          <reporter-output>
          </reporter-output>
        </test-method> <!-- createorganization -->
      </class> <!-- pack2.OrganizationTest -->
    </test> <!-- Default test -->
  </suite> <!-- Default suite -->
</testng-results>
